CRITICAL - 2022-03-08 04:22:49 --> Undefined variable: comboCategoria
#0 C:\XAMP\htdocs\COURSE_XAMP\CodeIgniter4\app\Views\produtos_form.php(33): CodeIgniter\Debug\Exceptions->errorHandler(8, 'Undefined varia...', 'C:\\XAMP\\htdocs\\...', 33, Array)
#1 C:\XAMP\htdocs\COURSE_XAMP\CodeIgniter4\system\View\View.php(210): include('C:\\XAMP\\htdocs\\...')
#2 C:\XAMP\htdocs\COURSE_XAMP\CodeIgniter4\system\View\View.php(213): CodeIgniter\View\View->CodeIgniter\View\{closure}()
#3 C:\XAMP\htdocs\COURSE_XAMP\CodeIgniter4\system\Common.php(1089): CodeIgniter\View\View->render('produtos_form', Array, true)
#4 C:\XAMP\htdocs\COURSE_XAMP\CodeIgniter4\app\Controllers\Produtos.php(27): view('produtos_form', Array)
#5 C:\XAMP\htdocs\COURSE_XAMP\CodeIgniter4\system\CodeIgniter.php(825): App\Controllers\Produtos->inserir()
#6 C:\XAMP\htdocs\COURSE_XAMP\CodeIgniter4\system\CodeIgniter.php(412): CodeIgniter\CodeIgniter->runController(Object(App\Controllers\Produtos))
#7 C:\XAMP\htdocs\COURSE_XAMP\CodeIgniter4\system\CodeIgniter.php(320): CodeIgniter\CodeIgniter->handleRequest(NULL, Object(Config\Cache), false)
#8 C:\XAMP\htdocs\COURSE_XAMP\CodeIgniter4\public\index.php(37): CodeIgniter\CodeIgniter->run()
#9 {main}
CRITICAL - 2022-03-08 04:22:51 --> Undefined variable: comboCategoria
#0 C:\XAMP\htdocs\COURSE_XAMP\CodeIgniter4\app\Views\produtos_form.php(33): CodeIgniter\Debug\Exceptions->errorHandler(8, 'Undefined varia...', 'C:\\XAMP\\htdocs\\...', 33, Array)
#1 C:\XAMP\htdocs\COURSE_XAMP\CodeIgniter4\system\View\View.php(210): include('C:\\XAMP\\htdocs\\...')
#2 C:\XAMP\htdocs\COURSE_XAMP\CodeIgniter4\system\View\View.php(213): CodeIgniter\View\View->CodeIgniter\View\{closure}()
#3 C:\XAMP\htdocs\COURSE_XAMP\CodeIgniter4\system\Common.php(1089): CodeIgniter\View\View->render('produtos_form', Array, true)
#4 C:\XAMP\htdocs\COURSE_XAMP\CodeIgniter4\app\Controllers\Produtos.php(27): view('produtos_form', Array)
#5 C:\XAMP\htdocs\COURSE_XAMP\CodeIgniter4\system\CodeIgniter.php(825): App\Controllers\Produtos->inserir()
#6 C:\XAMP\htdocs\COURSE_XAMP\CodeIgniter4\system\CodeIgniter.php(412): CodeIgniter\CodeIgniter->runController(Object(App\Controllers\Produtos))
#7 C:\XAMP\htdocs\COURSE_XAMP\CodeIgniter4\system\CodeIgniter.php(320): CodeIgniter\CodeIgniter->handleRequest(NULL, Object(Config\Cache), false)
#8 C:\XAMP\htdocs\COURSE_XAMP\CodeIgniter4\public\index.php(37): CodeIgniter\CodeIgniter->run()
#9 {main}
CRITICAL - 2022-03-08 04:22:51 --> Undefined variable: comboCategoria
#0 C:\XAMP\htdocs\COURSE_XAMP\CodeIgniter4\app\Views\produtos_form.php(33): CodeIgniter\Debug\Exceptions->errorHandler(8, 'Undefined varia...', 'C:\\XAMP\\htdocs\\...', 33, Array)
#1 C:\XAMP\htdocs\COURSE_XAMP\CodeIgniter4\system\View\View.php(210): include('C:\\XAMP\\htdocs\\...')
#2 C:\XAMP\htdocs\COURSE_XAMP\CodeIgniter4\system\View\View.php(213): CodeIgniter\View\View->CodeIgniter\View\{closure}()
#3 C:\XAMP\htdocs\COURSE_XAMP\CodeIgniter4\system\Common.php(1089): CodeIgniter\View\View->render('produtos_form', Array, true)
#4 C:\XAMP\htdocs\COURSE_XAMP\CodeIgniter4\app\Controllers\Produtos.php(27): view('produtos_form', Array)
#5 C:\XAMP\htdocs\COURSE_XAMP\CodeIgniter4\system\CodeIgniter.php(825): App\Controllers\Produtos->inserir()
#6 C:\XAMP\htdocs\COURSE_XAMP\CodeIgniter4\system\CodeIgniter.php(412): CodeIgniter\CodeIgniter->runController(Object(App\Controllers\Produtos))
#7 C:\XAMP\htdocs\COURSE_XAMP\CodeIgniter4\system\CodeIgniter.php(320): CodeIgniter\CodeIgniter->handleRequest(NULL, Object(Config\Cache), false)
#8 C:\XAMP\htdocs\COURSE_XAMP\CodeIgniter4\public\index.php(37): CodeIgniter\CodeIgniter->run()
#9 {main}
CRITICAL - 2022-03-08 04:22:51 --> Undefined variable: comboCategoria
#0 C:\XAMP\htdocs\COURSE_XAMP\CodeIgniter4\app\Views\produtos_form.php(33): CodeIgniter\Debug\Exceptions->errorHandler(8, 'Undefined varia...', 'C:\\XAMP\\htdocs\\...', 33, Array)
#1 C:\XAMP\htdocs\COURSE_XAMP\CodeIgniter4\system\View\View.php(210): include('C:\\XAMP\\htdocs\\...')
#2 C:\XAMP\htdocs\COURSE_XAMP\CodeIgniter4\system\View\View.php(213): CodeIgniter\View\View->CodeIgniter\View\{closure}()
#3 C:\XAMP\htdocs\COURSE_XAMP\CodeIgniter4\system\Common.php(1089): CodeIgniter\View\View->render('produtos_form', Array, true)
#4 C:\XAMP\htdocs\COURSE_XAMP\CodeIgniter4\app\Controllers\Produtos.php(27): view('produtos_form', Array)
#5 C:\XAMP\htdocs\COURSE_XAMP\CodeIgniter4\system\CodeIgniter.php(825): App\Controllers\Produtos->inserir()
#6 C:\XAMP\htdocs\COURSE_XAMP\CodeIgniter4\system\CodeIgniter.php(412): CodeIgniter\CodeIgniter->runController(Object(App\Controllers\Produtos))
#7 C:\XAMP\htdocs\COURSE_XAMP\CodeIgniter4\system\CodeIgniter.php(320): CodeIgniter\CodeIgniter->handleRequest(NULL, Object(Config\Cache), false)
#8 C:\XAMP\htdocs\COURSE_XAMP\CodeIgniter4\public\index.php(37): CodeIgniter\CodeIgniter->run()
#9 {main}
ERROR - 2022-03-08 04:28:52 --> Table 'ci4app.produto' doesn't exist
CRITICAL - 2022-03-08 04:28:52 --> Table 'ci4app.produto' doesn't exist
#0 C:\XAMP\htdocs\COURSE_XAMP\CodeIgniter4\system\Database\MySQLi\Connection.php(292): mysqli->query('INSERT INTO `pr...', 0)
#1 C:\XAMP\htdocs\COURSE_XAMP\CodeIgniter4\system\Database\BaseConnection.php(670): CodeIgniter\Database\MySQLi\Connection->execute('INSERT INTO `pr...')
#2 C:\XAMP\htdocs\COURSE_XAMP\CodeIgniter4\system\Database\BaseConnection.php(598): CodeIgniter\Database\BaseConnection->simpleQuery('INSERT INTO `pr...')
#3 C:\XAMP\htdocs\COURSE_XAMP\CodeIgniter4\system\Database\BaseBuilder.php(1771): CodeIgniter\Database\BaseConnection->query('INSERT INTO `pr...', Array, false)
#4 C:\XAMP\htdocs\COURSE_XAMP\CodeIgniter4\system\Model.php(239): CodeIgniter\Database\BaseBuilder->insert()
#5 C:\XAMP\htdocs\COURSE_XAMP\CodeIgniter4\system\BaseModel.php(738): CodeIgniter\Model->doInsert(Array)
#6 C:\XAMP\htdocs\COURSE_XAMP\CodeIgniter4\system\Model.php(625): CodeIgniter\BaseModel->insert(Array, true)
#7 C:\XAMP\htdocs\COURSE_XAMP\CodeIgniter4\app\Controllers\Produtos.php(36): CodeIgniter\Model->insert()
#8 C:\XAMP\htdocs\COURSE_XAMP\CodeIgniter4\system\CodeIgniter.php(825): App\Controllers\Produtos->inserir()
#9 C:\XAMP\htdocs\COURSE_XAMP\CodeIgniter4\system\CodeIgniter.php(412): CodeIgniter\CodeIgniter->runController(Object(App\Controllers\Produtos))
#10 C:\XAMP\htdocs\COURSE_XAMP\CodeIgniter4\system\CodeIgniter.php(320): CodeIgniter\CodeIgniter->handleRequest(NULL, Object(Config\Cache), false)
#11 C:\XAMP\htdocs\COURSE_XAMP\CodeIgniter4\public\index.php(37): CodeIgniter\CodeIgniter->run()
#12 {main}
ERROR - 2022-03-08 04:29:22 --> Unknown column 'categoria_id' in 'field list'
CRITICAL - 2022-03-08 04:29:22 --> Unknown column 'categoria_id' in 'field list'
#0 C:\XAMP\htdocs\COURSE_XAMP\CodeIgniter4\system\Database\MySQLi\Connection.php(292): mysqli->query('INSERT INTO `pr...', 0)
#1 C:\XAMP\htdocs\COURSE_XAMP\CodeIgniter4\system\Database\BaseConnection.php(670): CodeIgniter\Database\MySQLi\Connection->execute('INSERT INTO `pr...')
#2 C:\XAMP\htdocs\COURSE_XAMP\CodeIgniter4\system\Database\BaseConnection.php(598): CodeIgniter\Database\BaseConnection->simpleQuery('INSERT INTO `pr...')
#3 C:\XAMP\htdocs\COURSE_XAMP\CodeIgniter4\system\Database\BaseBuilder.php(1771): CodeIgniter\Database\BaseConnection->query('INSERT INTO `pr...', Array, false)
#4 C:\XAMP\htdocs\COURSE_XAMP\CodeIgniter4\system\Model.php(239): CodeIgniter\Database\BaseBuilder->insert()
#5 C:\XAMP\htdocs\COURSE_XAMP\CodeIgniter4\system\BaseModel.php(738): CodeIgniter\Model->doInsert(Array)
#6 C:\XAMP\htdocs\COURSE_XAMP\CodeIgniter4\system\Model.php(625): CodeIgniter\BaseModel->insert(Array, true)
#7 C:\XAMP\htdocs\COURSE_XAMP\CodeIgniter4\app\Controllers\Produtos.php(36): CodeIgniter\Model->insert()
#8 C:\XAMP\htdocs\COURSE_XAMP\CodeIgniter4\system\CodeIgniter.php(825): App\Controllers\Produtos->inserir()
#9 C:\XAMP\htdocs\COURSE_XAMP\CodeIgniter4\system\CodeIgniter.php(412): CodeIgniter\CodeIgniter->runController(Object(App\Controllers\Produtos))
#10 C:\XAMP\htdocs\COURSE_XAMP\CodeIgniter4\system\CodeIgniter.php(320): CodeIgniter\CodeIgniter->handleRequest(NULL, Object(Config\Cache), false)
#11 C:\XAMP\htdocs\COURSE_XAMP\CodeIgniter4\public\index.php(37): CodeIgniter\CodeIgniter->run()
#12 {main}
CRITICAL - 2022-03-08 04:33:22 --> Undefined variable: titulo
#0 C:\XAMP\htdocs\COURSE_XAMP\CodeIgniter4\app\Views\produtos_form.php(10): CodeIgniter\Debug\Exceptions->errorHandler(8, 'Undefined varia...', 'C:\\XAMP\\htdocs\\...', 10, Array)
#1 C:\XAMP\htdocs\COURSE_XAMP\CodeIgniter4\system\View\View.php(210): include('C:\\XAMP\\htdocs\\...')
#2 C:\XAMP\htdocs\COURSE_XAMP\CodeIgniter4\system\View\View.php(213): CodeIgniter\View\View->CodeIgniter\View\{closure}()
#3 C:\XAMP\htdocs\COURSE_XAMP\CodeIgniter4\system\Common.php(1089): CodeIgniter\View\View->render('produtos_form', Array, true)
#4 C:\XAMP\htdocs\COURSE_XAMP\CodeIgniter4\app\Controllers\Produtos.php(29): view('produtos_form', Array)
#5 C:\XAMP\htdocs\COURSE_XAMP\CodeIgniter4\system\CodeIgniter.php(825): App\Controllers\Produtos->inserir()
#6 C:\XAMP\htdocs\COURSE_XAMP\CodeIgniter4\system\CodeIgniter.php(412): CodeIgniter\CodeIgniter->runController(Object(App\Controllers\Produtos))
#7 C:\XAMP\htdocs\COURSE_XAMP\CodeIgniter4\system\CodeIgniter.php(320): CodeIgniter\CodeIgniter->handleRequest(NULL, Object(Config\Cache), false)
#8 C:\XAMP\htdocs\COURSE_XAMP\CodeIgniter4\public\index.php(37): CodeIgniter\CodeIgniter->run()
#9 {main}
CRITICAL - 2022-03-08 04:33:57 --> Undefined variable: comboCategorias
#0 C:\XAMP\htdocs\COURSE_XAMP\CodeIgniter4\app\Views\produtos_form.php(33): CodeIgniter\Debug\Exceptions->errorHandler(8, 'Undefined varia...', 'C:\\XAMP\\htdocs\\...', 33, Array)
#1 C:\XAMP\htdocs\COURSE_XAMP\CodeIgniter4\system\View\View.php(210): include('C:\\XAMP\\htdocs\\...')
#2 C:\XAMP\htdocs\COURSE_XAMP\CodeIgniter4\system\View\View.php(213): CodeIgniter\View\View->CodeIgniter\View\{closure}()
#3 C:\XAMP\htdocs\COURSE_XAMP\CodeIgniter4\system\Common.php(1089): CodeIgniter\View\View->render('produtos_form', Array, true)
#4 C:\XAMP\htdocs\COURSE_XAMP\CodeIgniter4\app\Controllers\Produtos.php(31): view('produtos_form', Array)
#5 C:\XAMP\htdocs\COURSE_XAMP\CodeIgniter4\system\CodeIgniter.php(825): App\Controllers\Produtos->inserir()
#6 C:\XAMP\htdocs\COURSE_XAMP\CodeIgniter4\system\CodeIgniter.php(412): CodeIgniter\CodeIgniter->runController(Object(App\Controllers\Produtos))
#7 C:\XAMP\htdocs\COURSE_XAMP\CodeIgniter4\system\CodeIgniter.php(320): CodeIgniter\CodeIgniter->handleRequest(NULL, Object(Config\Cache), false)
#8 C:\XAMP\htdocs\COURSE_XAMP\CodeIgniter4\public\index.php(37): CodeIgniter\CodeIgniter->run()
#9 {main}
