CRITICAL - 2022-03-10 04:01:15 --> required  is not a valid rule.
#0 C:\XAMP\htdocs\COURSE_XAMP\CodeIgniter4\system\Validation\Validation.php(300): CodeIgniter\Validation\Exceptions\ValidationException::forRuleNotFound('required ')
#1 C:\XAMP\htdocs\COURSE_XAMP\CodeIgniter4\system\Validation\Validation.php(157): CodeIgniter\Validation\Validation->processRules('nomeproduto', 'nomeproduto', '---', Array, Array)
#2 C:\XAMP\htdocs\COURSE_XAMP\CodeIgniter4\system\BaseModel.php(1347): CodeIgniter\Validation\Validation->run(Array, NULL, NULL)
#3 C:\XAMP\htdocs\COURSE_XAMP\CodeIgniter4\system\BaseModel.php(707): CodeIgniter\BaseModel->validate(Array)
#4 C:\XAMP\htdocs\COURSE_XAMP\CodeIgniter4\system\Model.php(625): CodeIgniter\BaseModel->insert(Array, true)
#5 C:\XAMP\htdocs\COURSE_XAMP\CodeIgniter4\app\Controllers\Produtos.php(41): CodeIgniter\Model->insert()
#6 C:\XAMP\htdocs\COURSE_XAMP\CodeIgniter4\system\CodeIgniter.php(825): App\Controllers\Produtos->inserir()
#7 C:\XAMP\htdocs\COURSE_XAMP\CodeIgniter4\system\CodeIgniter.php(412): CodeIgniter\CodeIgniter->runController(Object(App\Controllers\Produtos))
#8 C:\XAMP\htdocs\COURSE_XAMP\CodeIgniter4\system\CodeIgniter.php(320): CodeIgniter\CodeIgniter->handleRequest(NULL, Object(Config\Cache), false)
#9 C:\XAMP\htdocs\COURSE_XAMP\CodeIgniter4\public\index.php(37): CodeIgniter\CodeIgniter->run()
#10 {main}
CRITICAL - 2022-03-10 04:10:32 --> required  is not a valid rule.
#0 C:\XAMP\htdocs\COURSE_XAMP\CodeIgniter4\system\Validation\Validation.php(300): CodeIgniter\Validation\Exceptions\ValidationException::forRuleNotFound('required ')
#1 C:\XAMP\htdocs\COURSE_XAMP\CodeIgniter4\system\Validation\Validation.php(157): CodeIgniter\Validation\Validation->processRules('nomeproduto', 'nomeproduto', '', Array, Array)
#2 C:\XAMP\htdocs\COURSE_XAMP\CodeIgniter4\system\BaseModel.php(1347): CodeIgniter\Validation\Validation->run(Array, NULL, NULL)
#3 C:\XAMP\htdocs\COURSE_XAMP\CodeIgniter4\system\BaseModel.php(707): CodeIgniter\BaseModel->validate(Array)
#4 C:\XAMP\htdocs\COURSE_XAMP\CodeIgniter4\system\Model.php(625): CodeIgniter\BaseModel->insert(Array, true)
#5 C:\XAMP\htdocs\COURSE_XAMP\CodeIgniter4\app\Controllers\Produtos.php(42): CodeIgniter\Model->insert()
#6 C:\XAMP\htdocs\COURSE_XAMP\CodeIgniter4\system\CodeIgniter.php(825): App\Controllers\Produtos->inserir()
#7 C:\XAMP\htdocs\COURSE_XAMP\CodeIgniter4\system\CodeIgniter.php(412): CodeIgniter\CodeIgniter->runController(Object(App\Controllers\Produtos))
#8 C:\XAMP\htdocs\COURSE_XAMP\CodeIgniter4\system\CodeIgniter.php(320): CodeIgniter\CodeIgniter->handleRequest(NULL, Object(Config\Cache), false)
#9 C:\XAMP\htdocs\COURSE_XAMP\CodeIgniter4\public\index.php(37): CodeIgniter\CodeIgniter->run()
#10 {main}
CRITICAL - 2022-03-10 04:10:48 --> required  is not a valid rule.
#0 C:\XAMP\htdocs\COURSE_XAMP\CodeIgniter4\system\Validation\Validation.php(300): CodeIgniter\Validation\Exceptions\ValidationException::forRuleNotFound('required ')
#1 C:\XAMP\htdocs\COURSE_XAMP\CodeIgniter4\system\Validation\Validation.php(157): CodeIgniter\Validation\Validation->processRules('nomeproduto', 'nomeproduto', '', Array, Array)
#2 C:\XAMP\htdocs\COURSE_XAMP\CodeIgniter4\system\BaseModel.php(1347): CodeIgniter\Validation\Validation->run(Array, NULL, NULL)
#3 C:\XAMP\htdocs\COURSE_XAMP\CodeIgniter4\system\BaseModel.php(707): CodeIgniter\BaseModel->validate(Array)
#4 C:\XAMP\htdocs\COURSE_XAMP\CodeIgniter4\system\Model.php(625): CodeIgniter\BaseModel->insert(Array, true)
#5 C:\XAMP\htdocs\COURSE_XAMP\CodeIgniter4\app\Controllers\Produtos.php(42): CodeIgniter\Model->insert()
#6 C:\XAMP\htdocs\COURSE_XAMP\CodeIgniter4\system\CodeIgniter.php(825): App\Controllers\Produtos->inserir()
#7 C:\XAMP\htdocs\COURSE_XAMP\CodeIgniter4\system\CodeIgniter.php(412): CodeIgniter\CodeIgniter->runController(Object(App\Controllers\Produtos))
#8 C:\XAMP\htdocs\COURSE_XAMP\CodeIgniter4\system\CodeIgniter.php(320): CodeIgniter\CodeIgniter->handleRequest(NULL, Object(Config\Cache), false)
#9 C:\XAMP\htdocs\COURSE_XAMP\CodeIgniter4\public\index.php(37): CodeIgniter\CodeIgniter->run()
#10 {main}
CRITICAL - 2022-03-10 04:13:20 --> required  is not a valid rule.
#0 C:\XAMP\htdocs\COURSE_XAMP\CodeIgniter4\system\Validation\Validation.php(300): CodeIgniter\Validation\Exceptions\ValidationException::forRuleNotFound('required ')
#1 C:\XAMP\htdocs\COURSE_XAMP\CodeIgniter4\system\Validation\Validation.php(157): CodeIgniter\Validation\Validation->processRules('nomeproduto', 'nomeproduto', 'Fifa', Array, Array)
#2 C:\XAMP\htdocs\COURSE_XAMP\CodeIgniter4\system\BaseModel.php(1347): CodeIgniter\Validation\Validation->run(Array, NULL, NULL)
#3 C:\XAMP\htdocs\COURSE_XAMP\CodeIgniter4\system\BaseModel.php(707): CodeIgniter\BaseModel->validate(Array)
#4 C:\XAMP\htdocs\COURSE_XAMP\CodeIgniter4\system\Model.php(625): CodeIgniter\BaseModel->insert(Array, true)
#5 C:\XAMP\htdocs\COURSE_XAMP\CodeIgniter4\app\Controllers\Produtos.php(42): CodeIgniter\Model->insert()
#6 C:\XAMP\htdocs\COURSE_XAMP\CodeIgniter4\system\CodeIgniter.php(825): App\Controllers\Produtos->inserir()
#7 C:\XAMP\htdocs\COURSE_XAMP\CodeIgniter4\system\CodeIgniter.php(412): CodeIgniter\CodeIgniter->runController(Object(App\Controllers\Produtos))
#8 C:\XAMP\htdocs\COURSE_XAMP\CodeIgniter4\system\CodeIgniter.php(320): CodeIgniter\CodeIgniter->handleRequest(NULL, Object(Config\Cache), false)
#9 C:\XAMP\htdocs\COURSE_XAMP\CodeIgniter4\public\index.php(37): CodeIgniter\CodeIgniter->run()
#10 {main}
CRITICAL - 2022-03-10 04:13:26 --> required  is not a valid rule.
#0 C:\XAMP\htdocs\COURSE_XAMP\CodeIgniter4\system\Validation\Validation.php(300): CodeIgniter\Validation\Exceptions\ValidationException::forRuleNotFound('required ')
#1 C:\XAMP\htdocs\COURSE_XAMP\CodeIgniter4\system\Validation\Validation.php(157): CodeIgniter\Validation\Validation->processRules('nomeproduto', 'nomeproduto', 'Fifa', Array, Array)
#2 C:\XAMP\htdocs\COURSE_XAMP\CodeIgniter4\system\BaseModel.php(1347): CodeIgniter\Validation\Validation->run(Array, NULL, NULL)
#3 C:\XAMP\htdocs\COURSE_XAMP\CodeIgniter4\system\BaseModel.php(707): CodeIgniter\BaseModel->validate(Array)
#4 C:\XAMP\htdocs\COURSE_XAMP\CodeIgniter4\system\Model.php(625): CodeIgniter\BaseModel->insert(Array, true)
#5 C:\XAMP\htdocs\COURSE_XAMP\CodeIgniter4\app\Controllers\Produtos.php(42): CodeIgniter\Model->insert()
#6 C:\XAMP\htdocs\COURSE_XAMP\CodeIgniter4\system\CodeIgniter.php(825): App\Controllers\Produtos->inserir()
#7 C:\XAMP\htdocs\COURSE_XAMP\CodeIgniter4\system\CodeIgniter.php(412): CodeIgniter\CodeIgniter->runController(Object(App\Controllers\Produtos))
#8 C:\XAMP\htdocs\COURSE_XAMP\CodeIgniter4\system\CodeIgniter.php(320): CodeIgniter\CodeIgniter->handleRequest(NULL, Object(Config\Cache), false)
#9 C:\XAMP\htdocs\COURSE_XAMP\CodeIgniter4\public\index.php(37): CodeIgniter\CodeIgniter->run()
#10 {main}
CRITICAL - 2022-03-10 04:26:45 --> syntax error, unexpected '->' (T_OBJECT_OPERATOR), expecting ';' or ','
#0 C:\XAMP\htdocs\COURSE_XAMP\CodeIgniter4\system\Autoloader\Autoloader.php(241): CodeIgniter\Autoloader\Autoloader->includeFile('C:\\XAMP\\htdocs\\...')
#1 C:\XAMP\htdocs\COURSE_XAMP\CodeIgniter4\system\Autoloader\Autoloader.php(219): CodeIgniter\Autoloader\Autoloader->loadInNamespace('App\\Models\\Prod...')
#2 [internal function]: CodeIgniter\Autoloader\Autoloader->loadClass('App\\Models\\Prod...')
#3 C:\XAMP\htdocs\COURSE_XAMP\CodeIgniter4\app\Controllers\Produtos.php(37): spl_autoload_call('App\\Models\\Prod...')
#4 C:\XAMP\htdocs\COURSE_XAMP\CodeIgniter4\system\CodeIgniter.php(825): App\Controllers\Produtos->inserir()
#5 C:\XAMP\htdocs\COURSE_XAMP\CodeIgniter4\system\CodeIgniter.php(412): CodeIgniter\CodeIgniter->runController(Object(App\Controllers\Produtos))
#6 C:\XAMP\htdocs\COURSE_XAMP\CodeIgniter4\system\CodeIgniter.php(320): CodeIgniter\CodeIgniter->handleRequest(NULL, Object(Config\Cache), false)
#7 C:\XAMP\htdocs\COURSE_XAMP\CodeIgniter4\public\index.php(37): CodeIgniter\CodeIgniter->run()
#8 {main}
CRITICAL - 2022-03-10 04:26:53 --> syntax error, unexpected '->' (T_OBJECT_OPERATOR), expecting ';' or ','
#0 C:\XAMP\htdocs\COURSE_XAMP\CodeIgniter4\system\Autoloader\Autoloader.php(241): CodeIgniter\Autoloader\Autoloader->includeFile('C:\\XAMP\\htdocs\\...')
#1 C:\XAMP\htdocs\COURSE_XAMP\CodeIgniter4\system\Autoloader\Autoloader.php(219): CodeIgniter\Autoloader\Autoloader->loadInNamespace('App\\Models\\Prod...')
#2 [internal function]: CodeIgniter\Autoloader\Autoloader->loadClass('App\\Models\\Prod...')
#3 C:\XAMP\htdocs\COURSE_XAMP\CodeIgniter4\app\Controllers\Produtos.php(37): spl_autoload_call('App\\Models\\Prod...')
#4 C:\XAMP\htdocs\COURSE_XAMP\CodeIgniter4\system\CodeIgniter.php(825): App\Controllers\Produtos->inserir()
#5 C:\XAMP\htdocs\COURSE_XAMP\CodeIgniter4\system\CodeIgniter.php(412): CodeIgniter\CodeIgniter->runController(Object(App\Controllers\Produtos))
#6 C:\XAMP\htdocs\COURSE_XAMP\CodeIgniter4\system\CodeIgniter.php(320): CodeIgniter\CodeIgniter->handleRequest(NULL, Object(Config\Cache), false)
#7 C:\XAMP\htdocs\COURSE_XAMP\CodeIgniter4\public\index.php(37): CodeIgniter\CodeIgniter->run()
#8 {main}
CRITICAL - 2022-03-10 04:27:39 --> required  is not a valid rule.
#0 C:\XAMP\htdocs\COURSE_XAMP\CodeIgniter4\system\Validation\Validation.php(301): CodeIgniter\Validation\Exceptions\ValidationException::forRuleNotFound('required ')
#1 C:\XAMP\htdocs\COURSE_XAMP\CodeIgniter4\system\Validation\Validation.php(158): CodeIgniter\Validation\Validation->processRules('nomeproduto', 'nomeproduto', '', Array, Array)
#2 C:\XAMP\htdocs\COURSE_XAMP\CodeIgniter4\system\BaseModel.php(1347): CodeIgniter\Validation\Validation->run(Array, NULL, NULL)
#3 C:\XAMP\htdocs\COURSE_XAMP\CodeIgniter4\system\BaseModel.php(707): CodeIgniter\BaseModel->validate(Array)
#4 C:\XAMP\htdocs\COURSE_XAMP\CodeIgniter4\system\Model.php(625): CodeIgniter\BaseModel->insert(Array, true)
#5 C:\XAMP\htdocs\COURSE_XAMP\CodeIgniter4\app\Controllers\Produtos.php(42): CodeIgniter\Model->insert()
#6 C:\XAMP\htdocs\COURSE_XAMP\CodeIgniter4\system\CodeIgniter.php(825): App\Controllers\Produtos->inserir()
#7 C:\XAMP\htdocs\COURSE_XAMP\CodeIgniter4\system\CodeIgniter.php(412): CodeIgniter\CodeIgniter->runController(Object(App\Controllers\Produtos))
#8 C:\XAMP\htdocs\COURSE_XAMP\CodeIgniter4\system\CodeIgniter.php(320): CodeIgniter\CodeIgniter->handleRequest(NULL, Object(Config\Cache), false)
#9 C:\XAMP\htdocs\COURSE_XAMP\CodeIgniter4\public\index.php(37): CodeIgniter\CodeIgniter->run()
#10 {main}
CRITICAL - 2022-03-10 04:28:16 --> required  is not a valid rule.
#0 C:\XAMP\htdocs\COURSE_XAMP\CodeIgniter4\system\Validation\Validation.php(301): CodeIgniter\Validation\Exceptions\ValidationException::forRuleNotFound('required ')
#1 C:\XAMP\htdocs\COURSE_XAMP\CodeIgniter4\system\Validation\Validation.php(158): CodeIgniter\Validation\Validation->processRules('nomeproduto', 'nomeproduto', '', Array, Array)
#2 C:\XAMP\htdocs\COURSE_XAMP\CodeIgniter4\system\BaseModel.php(1347): CodeIgniter\Validation\Validation->run(Array, NULL, NULL)
#3 C:\XAMP\htdocs\COURSE_XAMP\CodeIgniter4\system\BaseModel.php(707): CodeIgniter\BaseModel->validate(Array)
#4 C:\XAMP\htdocs\COURSE_XAMP\CodeIgniter4\system\Model.php(625): CodeIgniter\BaseModel->insert(Array, true)
#5 C:\XAMP\htdocs\COURSE_XAMP\CodeIgniter4\app\Controllers\Produtos.php(42): CodeIgniter\Model->insert()
#6 C:\XAMP\htdocs\COURSE_XAMP\CodeIgniter4\system\CodeIgniter.php(825): App\Controllers\Produtos->inserir()
#7 C:\XAMP\htdocs\COURSE_XAMP\CodeIgniter4\system\CodeIgniter.php(412): CodeIgniter\CodeIgniter->runController(Object(App\Controllers\Produtos))
#8 C:\XAMP\htdocs\COURSE_XAMP\CodeIgniter4\system\CodeIgniter.php(320): CodeIgniter\CodeIgniter->handleRequest(NULL, Object(Config\Cache), false)
#9 C:\XAMP\htdocs\COURSE_XAMP\CodeIgniter4\public\index.php(37): CodeIgniter\CodeIgniter->run()
#10 {main}
CRITICAL - 2022-03-10 04:28:23 --> required  is not a valid rule.
#0 C:\XAMP\htdocs\COURSE_XAMP\CodeIgniter4\system\Validation\Validation.php(301): CodeIgniter\Validation\Exceptions\ValidationException::forRuleNotFound('required ')
#1 C:\XAMP\htdocs\COURSE_XAMP\CodeIgniter4\system\Validation\Validation.php(158): CodeIgniter\Validation\Validation->processRules('nomeproduto', 'nomeproduto', '', Array, Array)
#2 C:\XAMP\htdocs\COURSE_XAMP\CodeIgniter4\system\BaseModel.php(1347): CodeIgniter\Validation\Validation->run(Array, NULL, NULL)
#3 C:\XAMP\htdocs\COURSE_XAMP\CodeIgniter4\system\BaseModel.php(707): CodeIgniter\BaseModel->validate(Array)
#4 C:\XAMP\htdocs\COURSE_XAMP\CodeIgniter4\system\Model.php(625): CodeIgniter\BaseModel->insert(Array, true)
#5 C:\XAMP\htdocs\COURSE_XAMP\CodeIgniter4\app\Controllers\Produtos.php(42): CodeIgniter\Model->insert()
#6 C:\XAMP\htdocs\COURSE_XAMP\CodeIgniter4\system\CodeIgniter.php(825): App\Controllers\Produtos->inserir()
#7 C:\XAMP\htdocs\COURSE_XAMP\CodeIgniter4\system\CodeIgniter.php(412): CodeIgniter\CodeIgniter->runController(Object(App\Controllers\Produtos))
#8 C:\XAMP\htdocs\COURSE_XAMP\CodeIgniter4\system\CodeIgniter.php(320): CodeIgniter\CodeIgniter->handleRequest(NULL, Object(Config\Cache), false)
#9 C:\XAMP\htdocs\COURSE_XAMP\CodeIgniter4\public\index.php(37): CodeIgniter\CodeIgniter->run()
#10 {main}
CRITICAL - 2022-03-10 04:30:07 --> required  is not a valid rule.
#0 C:\XAMP\htdocs\COURSE_XAMP\CodeIgniter4\system\Validation\Validation.php(301): CodeIgniter\Validation\Exceptions\ValidationException::forRuleNotFound('required ')
#1 C:\XAMP\htdocs\COURSE_XAMP\CodeIgniter4\system\Validation\Validation.php(158): CodeIgniter\Validation\Validation->processRules('nomeproduto', 'nomeproduto', '', Array, Array)
#2 C:\XAMP\htdocs\COURSE_XAMP\CodeIgniter4\system\BaseModel.php(1347): CodeIgniter\Validation\Validation->run(Array, NULL, NULL)
#3 C:\XAMP\htdocs\COURSE_XAMP\CodeIgniter4\system\BaseModel.php(707): CodeIgniter\BaseModel->validate(Array)
#4 C:\XAMP\htdocs\COURSE_XAMP\CodeIgniter4\system\Model.php(625): CodeIgniter\BaseModel->insert(Array, true)
#5 C:\XAMP\htdocs\COURSE_XAMP\CodeIgniter4\app\Controllers\Produtos.php(42): CodeIgniter\Model->insert()
#6 C:\XAMP\htdocs\COURSE_XAMP\CodeIgniter4\system\CodeIgniter.php(825): App\Controllers\Produtos->inserir()
#7 C:\XAMP\htdocs\COURSE_XAMP\CodeIgniter4\system\CodeIgniter.php(412): CodeIgniter\CodeIgniter->runController(Object(App\Controllers\Produtos))
#8 C:\XAMP\htdocs\COURSE_XAMP\CodeIgniter4\system\CodeIgniter.php(320): CodeIgniter\CodeIgniter->handleRequest(NULL, Object(Config\Cache), false)
#9 C:\XAMP\htdocs\COURSE_XAMP\CodeIgniter4\public\index.php(37): CodeIgniter\CodeIgniter->run()
#10 {main}
CRITICAL - 2022-03-10 04:30:23 --> required  is not a valid rule.
#0 C:\XAMP\htdocs\COURSE_XAMP\CodeIgniter4\system\Validation\Validation.php(301): CodeIgniter\Validation\Exceptions\ValidationException::forRuleNotFound('required ')
#1 C:\XAMP\htdocs\COURSE_XAMP\CodeIgniter4\system\Validation\Validation.php(158): CodeIgniter\Validation\Validation->processRules('nomeproduto', 'nomeproduto', 'Fifa', Array, Array)
#2 C:\XAMP\htdocs\COURSE_XAMP\CodeIgniter4\system\BaseModel.php(1347): CodeIgniter\Validation\Validation->run(Array, NULL, NULL)
#3 C:\XAMP\htdocs\COURSE_XAMP\CodeIgniter4\system\BaseModel.php(707): CodeIgniter\BaseModel->validate(Array)
#4 C:\XAMP\htdocs\COURSE_XAMP\CodeIgniter4\system\Model.php(625): CodeIgniter\BaseModel->insert(Array, true)
#5 C:\XAMP\htdocs\COURSE_XAMP\CodeIgniter4\app\Controllers\Produtos.php(42): CodeIgniter\Model->insert()
#6 C:\XAMP\htdocs\COURSE_XAMP\CodeIgniter4\system\CodeIgniter.php(825): App\Controllers\Produtos->inserir()
#7 C:\XAMP\htdocs\COURSE_XAMP\CodeIgniter4\system\CodeIgniter.php(412): CodeIgniter\CodeIgniter->runController(Object(App\Controllers\Produtos))
#8 C:\XAMP\htdocs\COURSE_XAMP\CodeIgniter4\system\CodeIgniter.php(320): CodeIgniter\CodeIgniter->handleRequest(NULL, Object(Config\Cache), false)
#9 C:\XAMP\htdocs\COURSE_XAMP\CodeIgniter4\public\index.php(37): CodeIgniter\CodeIgniter->run()
#10 {main}
